\BOOKMARK [1][-]{section.1}{\376\377\000I\000n\000t\000r\000o\000d\000u\000c\000t\000i\000o\000n}{}% 1
\BOOKMARK [2][-]{subsection.1.1}{\376\377\000O\000v\000e\000r\000v\000i\000e\000w}{section.1}% 2
\BOOKMARK [2][-]{subsection.1.2}{\376\377\000O\000b\000j\000e\000c\000t\000i\000v\000e\000s}{section.1}% 3
\BOOKMARK [1][-]{section.2}{\376\377\000T\000h\000e\000o\000r\000y}{}% 4
\BOOKMARK [2][-]{subsection.2.1}{\376\377\000I\000-\000V\000\040\000c\000h\000a\000r\000a\000c\000t\000e\000r\000i\000s\000t\000i\000c\000s\000\040\000o\000f\000\040\000p\000-\000n\000\040\000j\000u\000n\000c\000t\000i\000o\000n\000s}{section.2}% 5
\BOOKMARK [3][-]{subsubsection.2.1.1}{\376\377\000S\000h\000o\000c\000k\000l\000e\000y\000\040\000i\000d\000e\000a\000l\000\040\000d\000i\000o\000d\000e\000\040\000e\000q\000u\000a\000t\000i\000o\000n}{subsection.2.1}% 6
\BOOKMARK [3][-]{subsubsection.2.1.2}{\376\377\000T\000e\000m\000p\000e\000r\000a\000t\000u\000r\000e\000\040\000d\000e\000p\000e\000n\000d\000e\000n\000c\000y}{subsection.2.1}% 7
\BOOKMARK [3][-]{subsubsection.2.1.3}{\376\377\000T\000h\000e\000r\000m\000a\000l\000\040\000G\000e\000n\000e\000r\000a\000t\000i\000o\000n}{subsection.2.1}% 8
\BOOKMARK [3][-]{subsubsection.2.1.4}{\376\377\000B\000u\000i\000l\000t\000-\000i\000n\000\040\000P\000o\000t\000e\000n\000t\000i\000a\000l}{subsection.2.1}% 9
\BOOKMARK [2][-]{subsection.2.2}{\376\377\000L\000i\000g\000h\000t\000\040\000e\000m\000i\000t\000t\000i\000n\000g\000\040\000d\000i\000o\000d\000e\000s\000\040\000\050\000L\000E\000D\000s\000\051}{section.2}% 10
\BOOKMARK [3][-]{subsubsection.2.2.1}{\376\377\000M\000e\000c\000h\000a\000n\000i\000s\000m\000\040\000o\000f\000\040\000l\000i\000g\000h\000t\000\040\000e\000m\000i\000s\000s\000i\000o\000n}{subsection.2.2}% 11
\BOOKMARK [3][-]{subsubsection.2.2.2}{\376\377\000T\000h\000e\000\040\000b\000a\000n\000d\000g\000a\000p\000\040\000a\000n\000d\000\040\000l\000i\000g\000h\000t\000\040\000e\000m\000i\000s\000s\000i\000o\000n\000\040\000c\000h\000a\000r\000a\000c\000t\000e\000r\000i\000s\000t\000i\000c\000s}{subsection.2.2}% 12
\BOOKMARK [3][-]{subsubsection.2.2.3}{\376\377\000S\000p\000e\000c\000t\000r\000a\000l\000\040\000c\000h\000a\000r\000a\000c\000t\000e\000r\000i\000s\000t\000i\000c\000s}{subsection.2.2}% 13
\BOOKMARK [3][-]{subsubsection.2.2.4}{\376\377\000F\000a\000c\000t\000o\000r\000s\000\040\000a\000f\000f\000e\000c\000t\000i\000n\000g\000\040\000t\000h\000e\000\040\000s\000p\000e\000c\000t\000r\000u\000m}{subsection.2.2}% 14
\BOOKMARK [1][-]{section.3}{\376\377\000E\000x\000p\000e\000r\000i\000m\000e\000n\000t\000a\000l\000\040\000T\000e\000c\000h\000n\000i\000q\000u\000e}{}% 15
\BOOKMARK [2][-]{subsection.3.1}{\376\377\000I\000-\000V\000\040\000c\000h\000a\000r\000a\000c\000t\000e\000r\000i\000s\000t\000i\000c\000s}{section.3}% 16
\BOOKMARK [2][-]{subsection.3.2}{\376\377\000T\000e\000m\000p\000e\000r\000a\000t\000u\000r\000e\000\040\000D\000e\000p\000e\000n\000d\000e\000n\000c\000e}{section.3}% 17
\BOOKMARK [2][-]{subsection.3.3}{\376\377\000I\000d\000e\000a\000l\000i\000t\000y\000\040\000f\000a\000c\000t\000o\000r\000\040\000a\000n\000d\000\040\000r\000e\000v\000e\000r\000s\000e\000\040\000s\000a\000t\000u\000r\000a\000t\000i\000o\000n\000\040\000c\000u\000r\000r\000e\000n\000t}{section.3}% 18
\BOOKMARK [2][-]{subsection.3.4}{\376\377\000L\000i\000g\000h\000t\000\040\000c\000u\000r\000r\000e\000n\000t\000\040\000c\000h\000a\000r\000a\000c\000t\000e\000r\000i\000s\000t\000i\000c\000\040\000o\000f\000\040\000a\000n\000\040\000L\000E\000D}{section.3}% 19
\BOOKMARK [2][-]{subsection.3.5}{\376\377\000E\000m\000i\000s\000s\000i\000o\000n\000\040\000s\000p\000e\000c\000t\000r\000u\000m\000\040\000o\000f\000\040\000a\000n\000\040\000L\000E\000D}{section.3}% 20
\BOOKMARK [1][-]{section.4}{\376\377\000R\000e\000s\000u\000l\000t\000s\000\040\000a\000n\000d\000\040\000D\000i\000s\000c\000u\000s\000s\000i\000o\000n\000s}{}% 21
\BOOKMARK [2][-]{subsection.4.1}{\376\377\000F\000i\000n\000d\000i\000n\000g\000\040\000i\000d\000e\000a\000l\000i\000t\000y\000\040\000f\000a\000c\000t\000o\000r\000\040\000a\000n\000d\000\040\000r\000e\000v\000e\000r\000s\000e\000\040\000s\000a\000t\000u\000r\000a\000t\000i\000o\000n\000\040\000c\000u\000r\000r\000e\000n\000t\000\040\000o\000f\000\040\000d\000i\000o\000d\000e}{section.4}% 22
\BOOKMARK [2][-]{subsection.4.2}{\376\377\000I\000-\000V\000\040\000c\000h\000a\000r\000a\000c\000t\000e\000r\000i\000s\000t\000i\000c\000s\000\040\000o\000f\000\040\000d\000i\000o\000d\000e\000\040\000u\000n\000d\000e\000r\000\040\000t\000e\000m\000p\000e\000r\000a\000t\000u\000r\000e\000\040\000v\000a\000r\000i\000a\000t\000i\000o\000n}{section.4}% 23
\BOOKMARK [3][-]{subsubsection.4.2.1}{\376\377\000S\000h\000o\000c\000k\000l\000e\000y\000\040\000i\000d\000e\000a\000l\000\040\000d\000i\000o\000d\000e\000\040\000a\000n\000d\000\040\000o\000b\000s\000e\000r\000v\000e\000d\000\040\000d\000i\000o\000d\000e\000\040\000c\000h\000a\000r\000a\000c\000t\000e\000r\000i\000s\000t\000i\000c\000s}{subsection.4.2}% 24
\BOOKMARK [3][-]{subsubsection.4.2.2}{\376\377\000F\000a\000c\000t\000o\000r\000s\000\040\000d\000e\000t\000e\000r\000m\000i\000n\000i\000n\000g\000\040\000t\000h\000e\000\040\000t\000u\000r\000n\000-\000o\000n\000\040\000v\000o\000l\000t\000a\000g\000e\000\040\000o\000f\000\040\000a\000\040\000p\000-\000n\000\040\000j\000u\000n\000c\000t\000i\000o\000n\000\040\000d\000i\000o\000d\000e}{subsection.4.2}% 25
\BOOKMARK [2][-]{subsection.4.3}{\376\377\000L\000i\000g\000h\000t\000-\000c\000u\000r\000r\000e\000n\000t\000\040\000c\000u\000r\000v\000e}{section.4}% 26
\BOOKMARK [3][-]{subsubsection.4.3.1}{\376\377\000O\000b\000s\000e\000r\000v\000e\000d\000\040\000c\000h\000a\000n\000g\000e\000\040\000i\000n\000\040\000t\000h\000e\000\040\000g\000r\000a\000d\000i\000e\000n\000t\000\040\000o\000f\000\040\000t\000h\000e\000\040\000m\000e\000a\000s\000u\000r\000e\000d\000\040\000L\000-\000I\000\040\000c\000u\000r\000v\000e\000\040\000a\000t\000\040\000l\000a\000r\000g\000e\000\040\000c\000u\000r\000r\000e\000n\000t\000s}{subsection.4.3}% 27
\BOOKMARK [2][-]{subsection.4.4}{\376\377\000E\000m\000i\000s\000s\000i\000o\000n\000\040\000s\000p\000e\000c\000t\000r\000u\000m\000\040\000o\000f\000\040\000L\000E\000D}{section.4}% 28
\BOOKMARK [3][-]{subsubsection.4.4.1}{\376\377\000F\000a\000c\000t\000o\000r\000s\000\040\000i\000n\000f\000l\000u\000e\000n\000c\000i\000n\000g\000\040\000t\000h\000e\000\040\000s\000p\000e\000c\000t\000r\000a\000l\000\040\000l\000i\000n\000e\000\040\000w\000i\000d\000t\000h\000\040\000o\000f\000\040\000t\000h\000e\000\040\000m\000e\000a\000s\000u\000r\000e\000d\000\040\000L\000E\000D\000\040\000e\000m\000i\000s\000s\000i\000o\000n\000\040\000s\000p\000e\000c\000t\000r\000u\000m}{subsection.4.4}% 29
\BOOKMARK [1][-]{section.5}{\376\377\000C\000o\000n\000c\000l\000u\000s\000i\000o\000n}{}% 30
\BOOKMARK [1][-]{section.6}{\376\377\000R\000e\000f\000e\000r\000e\000n\000c\000e\000s}{}% 31
